[2020-02-29 02:29:20]
[Unsupported] Windows(R), ProfessionalEducation edition(3f1afc82-f8ac-4f6c-8005-1d233e606eee) System: 10 Pro
[2020-02-29 02:29:20]
[Unsupported] Windows(R), ProfessionalWorkstation edition(82bbc092-bc50-4e16-8e18-b74fc486aec3) System: 10 Pro
[2020-02-29 02:29:22]
[Unsupported] Windows(R), ServerRdsh edition(e4db50ea-bda1-4566-b047-0ca50abc6f07) System: 10 Pro
[2020-02-29 02:29:22]
[Unsupported] Windows(R), ServerRdsh edition(ec868e65-fadf-4759-b23e-93fe37f2cc29) System: 10 Pro
[2020-02-29 02:29:29]
Microsoft (R) Windows Script Host Version 5.812
版权所有(C) Microsoft Corporation。保留所有权利。

---Processing--------------------------
---------------------------------------
Installed product key detected - attempting to activate the following product:
SKU ID: d450596f-894d-49e0-966a-fd39ed4c4c64
LICENSE NAME: Office 16, Office16ProPlusVL_KMS_Client edition
LICENSE DESCRIPTION: Office 16, VOLUME_KMSCLIENT channel
Last 5 characters of installed product key: WFG99
<Product activation successful>
---------------------------------------
---------------------------------------
---Exiting-----------------------------


